{
  "stats": {
    "suites": 1,
    "tests": 1,
    "passes": 1,
    "pending": 0,
    "failures": 0,
    "start": "2021-11-19T18:48:45.023Z",
    "end": "2021-11-19T18:49:09.354Z",
    "duration": 24331,
    "testsRegistered": 1,
    "passPercent": 100,
    "pendingPercent": 0,
    "other": 0,
    "hasOther": false,
    "skipped": 0,
    "hasSkipped": false
  },
  "results": [
    {
      "uuid": "22dff138-baca-4f63-9cb2-f6612132cfb7",
      "title": "",
      "fullFile": "cypress/integration/MainPage.spec.js",
      "file": "cypress/integration/MainPage.spec.js",
      "beforeHooks": [],
      "afterHooks": [],
      "tests": [],
      "suites": [
        {
          "uuid": "1c29eb8f-072e-4854-a225-8556f0acd727",
          "title": "Main page",
          "fullFile": "",
          "file": "",
          "beforeHooks": [],
          "afterHooks": [],
          "tests": [
            {
              "title": "Main page transitions check",
              "fullTitle": "Main page Main page transitions check",
              "timedOut": null,
              "duration": 23196,
              "state": "passed",
              "speed": "slow",
              "pass": true,
              "fail": false,
              "pending": false,
              "context": null,
              "code": "cy.getScreenshot();\ncy.clickNavCategory(_selectorsData.data.mainPageSelectors.dealership);\ncy.checkUrlEq(_selectorsData.data.urls.findDealership);\ncy.clickMainLogo();\ncy.checkUrlEq(_selectorsData.data.urls.mainPage);\ncy.clickBtn('Get Approved');\ncy.checkUrlEq(_selectorsData.data.urls.getApproved);\ncy.clickMainLogo();\ncy.checkUrlEq(_selectorsData.data.urls.mainPage);\ncy.clickNavCategory(_selectorsData.data.mainPageSelectors.searchCars);\ncy.checkUrlEq(_selectorsData.data.urls.searchCars);\ncy.clickMainLogo();\ncy.checkUrlEq(_selectorsData.data.urls.mainPage);\naddContext('Image', '../screenshots/MainPage.spec.js/MaiP.png');",
              "err": {},
              "uuid": "4ce4ccd6-9da0-4436-9d34-bd9615dc49c4",
              "parentUUID": "1c29eb8f-072e-4854-a225-8556f0acd727",
              "isHook": false,
              "skipped": false
            }
          ],
          "suites": [],
          "passes": [
            "4ce4ccd6-9da0-4436-9d34-bd9615dc49c4"
          ],
          "failures": [],
          "pending": [],
          "skipped": [],
          "duration": 23196,
          "root": false,
          "rootEmpty": false,
          "_timeout": 2000
        }
      ],
      "passes": [],
      "failures": [],
      "pending": [],
      "skipped": [],
      "duration": 0,
      "root": true,
      "rootEmpty": true,
      "_timeout": 2000
    }
  ],
  "meta": {
    "mocha": {
      "version": "7.0.1"
    },
    "mochawesome": {
      "options": {
        "quiet": false,
        "reportFilename": "mochawesome",
        "saveHtml": true,
        "saveJson": true,
        "consoleReporter": "spec",
        "useInlineDiffs": false,
        "code": true
      },
      "version": "7.0.1"
    },
    "marge": {
      "options": {
        "reportDir": "cypress/results/specs",
        "overwrite": false,
        "html": true,
        "json": true,
        "inline": true
      },
      "version": "6.0.1"
    }
  }
}