{
  "stats": {
    "suites": 1,
    "tests": 1,
    "passes": 1,
    "pending": 0,
    "failures": 0,
    "start": "2021-11-19T18:59:29.922Z",
    "end": "2021-11-19T18:59:37.103Z",
    "duration": 7181,
    "testsRegistered": 1,
    "passPercent": 100,
    "pendingPercent": 0,
    "other": 0,
    "hasOther": false,
    "skipped": 0,
    "hasSkipped": false
  },
  "results": [
    {
      "uuid": "7da80a51-432e-4695-a8ae-7e0f49c427f6",
      "title": "",
      "fullFile": "cypress/integration/GetApprovedPage.spec.js",
      "file": "cypress/integration/GetApprovedPage.spec.js",
      "beforeHooks": [],
      "afterHooks": [],
      "tests": [],
      "suites": [
        {
          "uuid": "46f6012c-c8e8-4b7e-a134-dafe2148d1b9",
          "title": "Get approved page",
          "fullFile": "",
          "file": "",
          "beforeHooks": [],
          "afterHooks": [],
          "tests": [
            {
              "title": "Check approved form",
              "fullTitle": "Get approved page Check approved form",
              "timedOut": null,
              "duration": 7104,
              "state": "passed",
              "speed": "slow",
              "pass": true,
              "fail": false,
              "pending": false,
              "context": null,
              "code": "cy.fillInputField(_selectorsData.data.getApprovedSelectors.firstName, _selectorsData.data.getApprovedData.firstName);\ncy.fillInputField(_selectorsData.data.getApprovedSelectors.lastName, _selectorsData.data.getApprovedData.lastName);\ncy.fillInputField(_selectorsData.data.getApprovedSelectors.zipCode, _selectorsData.data.getApprovedData.zipCode);\ncy.fillInputField(_selectorsData.data.getApprovedSelectors.phoneNumber, _selectorsData.data.getApprovedData.phoneNumber);\ncy.checkInputField(_selectorsData.data.getApprovedSelectors.firstName, _selectorsData.data.getApprovedData.firstName);\ncy.checkInputField(_selectorsData.data.getApprovedSelectors.lastName, _selectorsData.data.getApprovedData.lastName);\ncy.checkInputField(_selectorsData.data.getApprovedSelectors.zipCode, _selectorsData.data.getApprovedData.zipCode);\ncy.checkInputField(_selectorsData.data.getApprovedSelectors.phoneNumber, _selectorsData.data.getApprovedData.phoneNumber);",
              "err": {},
              "uuid": "7923e9aa-5ca9-4391-af01-b556b1709b23",
              "parentUUID": "46f6012c-c8e8-4b7e-a134-dafe2148d1b9",
              "isHook": false,
              "skipped": false
            }
          ],
          "suites": [],
          "passes": [
            "7923e9aa-5ca9-4391-af01-b556b1709b23"
          ],
          "failures": [],
          "pending": [],
          "skipped": [],
          "duration": 7104,
          "root": false,
          "rootEmpty": false,
          "_timeout": 2000
        }
      ],
      "passes": [],
      "failures": [],
      "pending": [],
      "skipped": [],
      "duration": 0,
      "root": true,
      "rootEmpty": true,
      "_timeout": 2000
    }
  ],
  "meta": {
    "mocha": {
      "version": "7.0.1"
    },
    "mochawesome": {
      "options": {
        "quiet": false,
        "reportFilename": "mochawesome",
        "saveHtml": true,
        "saveJson": true,
        "consoleReporter": "spec",
        "useInlineDiffs": false,
        "code": true
      },
      "version": "7.0.1"
    },
    "marge": {
      "options": {
        "reportDir": "cypress/results/specs",
        "overwrite": false,
        "html": true,
        "json": true,
        "inline": true
      },
      "version": "6.0.1"
    }
  }
}