{
  "stats": {
    "suites": 1,
    "tests": 5,
    "passes": 4,
    "pending": 0,
    "failures": 1,
    "start": "2021-11-19T19:00:02.187Z",
    "end": "2021-11-19T19:01:01.466Z",
    "duration": 59279,
    "testsRegistered": 5,
    "passPercent": 80,
    "pendingPercent": 0,
    "other": 0,
    "hasOther": false,
    "skipped": 0,
    "hasSkipped": false
  },
  "results": [
    {
      "uuid": "fb30901e-a093-406e-8934-3b91f1cbf568",
      "title": "",
      "fullFile": "cypress/integration/SearchCarsPage.spec.js",
      "file": "cypress/integration/SearchCarsPage.spec.js",
      "beforeHooks": [],
      "afterHooks": [],
      "tests": [],
      "suites": [
        {
          "uuid": "32efe883-3c44-4fa7-9347-8cc5d472ab6b",
          "title": "Search cars page",
          "fullFile": "",
          "file": "",
          "beforeHooks": [],
          "afterHooks": [],
          "tests": [
            {
              "title": "Cars searching by State check",
              "fullTitle": "Search cars page Cars searching by State check",
              "timedOut": null,
              "duration": 9040,
              "state": "passed",
              "speed": "slow",
              "pass": true,
              "fail": false,
              "pending": false,
              "context": null,
              "code": "cy.fillSearchInput(_selectorsData.data.dealershipsData.state);\ncy.waitForSearchResults();\ncy.clickDealershipInSearchRes();\ncy.checkSearchResOnDealerPage(_selectorsData.data.dealershipSelectors.state, _selectorsData.data.dealershipsData.expectedState);",
              "err": {},
              "uuid": "f56a0cc3-7ceb-4ec7-9cf3-d326b5dab186",
              "parentUUID": "32efe883-3c44-4fa7-9347-8cc5d472ab6b",
              "isHook": false,
              "skipped": false
            },
            {
              "title": "Cars searching by City check",
              "fullTitle": "Search cars page Cars searching by City check",
              "timedOut": null,
              "duration": 7928,
              "state": "passed",
              "speed": "slow",
              "pass": true,
              "fail": false,
              "pending": false,
              "context": null,
              "code": "cy.fillSearchInput(_selectorsData.data.dealershipsData.city);\ncy.waitForSearchResults();\ncy.clickDealershipInSearchRes();\ncy.checkSearchResOnDealerPage(_selectorsData.data.dealershipSelectors.city, _selectorsData.data.dealershipsData.city);",
              "err": {},
              "uuid": "3eebe1a1-7ac4-4c62-b5bb-dd2228d5aa5f",
              "parentUUID": "32efe883-3c44-4fa7-9347-8cc5d472ab6b",
              "isHook": false,
              "skipped": false
            },
            {
              "title": "Cars searching by Zip code check",
              "fullTitle": "Search cars page Cars searching by Zip code check",
              "timedOut": null,
              "duration": 11075,
              "state": "failed",
              "speed": null,
              "pass": false,
              "fail": true,
              "pending": false,
              "context": null,
              "code": "cy.fillSearchInput(_selectorsData.data.dealershipsData.zipCode2);\ncy.waitForSearchResults();\ncy.clickDealershipInSearchRes();\ncy.checkSearchResOnDealerPage(_selectorsData.data.dealershipSelectors.zipCode, _selectorsData.data.dealershipsData.zipCode2);",
              "err": {
                "message": "AssertionError: Timed out retrying after 4000ms: expected '<span>' to have text '92504', but the text was '77037'",
                "estack": "AssertionError: Timed out retrying after 4000ms: expected '<span>' to have text '92504', but the text was '77037'\n    at Context.eval (https://www.drivetime.com/__cypress/tests?p=cypress/support/index.js:364:47)",
                "diff": "- '77037'\n+ '92504'\n"
              },
              "uuid": "3e0bbe7b-ba5d-4807-854d-426b580d568f",
              "parentUUID": "32efe883-3c44-4fa7-9347-8cc5d472ab6b",
              "isHook": false,
              "skipped": false
            },
            {
              "title": "Sorting search results",
              "fullTitle": "Search cars page Sorting search results",
              "timedOut": null,
              "duration": 14269,
              "state": "passed",
              "speed": "slow",
              "pass": true,
              "fail": false,
              "pending": false,
              "context": null,
              "code": "var sortField = 'DriveTime Plus';\nvar sortPriceHtL = 'Price (High to Low)';\nvar sortMilesLtH = 'Miles (Low to High)';\nvar buic = 'Buick';\ncy.fillSearchInput(_selectorsData.data.dealershipsData.city);\ncy.waitForSearchResults();\ncy.addSearchCriterialAndSave('Make & Model', buic);\ncy.waitForSearchResults();\ncy.selectNewSearchFilter(sortField, sortPriceHtL);\ncy.waitForSearchResults();\ncy.get('[dtmintersectionobserverlist]').eq(0).within(function () {\n  var prevValue = null;\n  cy.get('.gt-price').each(function (value) {\n    var currentValue;\n    if (prevValue !== null) {\n      currentValue = value.text().split('$')[1].split(',');\n      currentValue = parseInt(currentValue[0] + currentValue[1], 10);\n      console.log(currentValue, prevValue);\n      expect(currentValue < prevValue || currentValue === prevValue).to.be[\"true\"];\n      prevValue = currentValue;\n    } else {\n      currentValue = value.text().split('$')[1].split(',');\n      currentValue = parseInt(currentValue[0] + currentValue[1], 10);\n      console.log(currentValue, prevValue);\n      prevValue = currentValue;\n    }\n  });\n});\ncy.selectNewSearchFilter(sortPriceHtL, sortMilesLtH);\ncy.waitForSearchResults();\ncy.get('[dtmintersectionobserverlist]').eq(0).within(function () {\n  var prevValue = null;\n  cy.get('.odometer-reading').each(function (value) {\n    console.log(value);\n    var currentValue;\n    if (prevValue !== null) {\n      currentValue = value.text().split(',');\n      currentValue = parseInt(currentValue[0] + currentValue[1], 10);\n      expect(currentValue > prevValue || currentValue === prevValue).to.be[\"true\"];\n      console.log(currentValue, prevValue);\n      prevValue = currentValue;\n    } else {\n      currentValue = value.text().split(',');\n      currentValue = parseInt(currentValue[0] + currentValue[1], 10);\n      console.log(currentValue, prevValue);\n      prevValue = currentValue;\n    }\n  });\n});",
              "err": {},
              "uuid": "8371c0e2-c87a-422f-816f-54724a0b9115",
              "parentUUID": "32efe883-3c44-4fa7-9347-8cc5d472ab6b",
              "isHook": false,
              "skipped": false
            },
            {
              "title": "Cars searching by any two params",
              "fullTitle": "Search cars page Cars searching by any two params",
              "timedOut": null,
              "duration": 16520,
              "state": "passed",
              "speed": "slow",
              "pass": true,
              "fail": false,
              "pending": false,
              "context": null,
              "code": "var maker = 'Audi';\nvar model = 'A3';\ncy.fillSearchInput(_selectorsData.data.dealershipsData.city);\ncy.waitForSearchResults();\ncy.chooseMakerAndModel(maker, model);\ncy.waitForSearchResults();\ncy.contains('.filter-outer', 'Year').click();\ncy.get('.year-filter-container').within(function () {\n  cy.get('.noUi-handle').eq(0).click().type('{rightarrow}'.repeat(12)).click();\n  cy.wait(200);\n  cy.get('#slider-snap-value-lower').should('contain', '2018').parents('.content-container').within(function () {\n    cy.clickBtn('Save');\n  });\n});\ncy.waitForSearchResults();\ncy.get('[dtmintersectionobserverlist]').eq(0).within(function () {\n  cy.get('.content-clickable').each(function () {\n    cy.get('[itemprop=\"manufacturer\"]').should('contain', maker);\n    cy.get('[itemprop=\"model\"]').should('contain', model);\n    cy.get('[itemprop=\"releaseDate\"]').then(function (value) {\n      var year = parseInt(value.text(), 10);\n      expect(year).above(2017);\n    });\n  });\n});",
              "err": {},
              "uuid": "7df9e146-ef96-4d7d-bd05-cbc30b35751f",
              "parentUUID": "32efe883-3c44-4fa7-9347-8cc5d472ab6b",
              "isHook": false,
              "skipped": false
            }
          ],
          "suites": [],
          "passes": [
            "f56a0cc3-7ceb-4ec7-9cf3-d326b5dab186",
            "3eebe1a1-7ac4-4c62-b5bb-dd2228d5aa5f",
            "8371c0e2-c87a-422f-816f-54724a0b9115",
            "7df9e146-ef96-4d7d-bd05-cbc30b35751f"
          ],
          "failures": [
            "3e0bbe7b-ba5d-4807-854d-426b580d568f"
          ],
          "pending": [],
          "skipped": [],
          "duration": 58832,
          "root": false,
          "rootEmpty": false,
          "_timeout": 2000
        }
      ],
      "passes": [],
      "failures": [],
      "pending": [],
      "skipped": [],
      "duration": 0,
      "root": true,
      "rootEmpty": true,
      "_timeout": 2000
    }
  ],
  "meta": {
    "mocha": {
      "version": "7.0.1"
    },
    "mochawesome": {
      "options": {
        "quiet": false,
        "reportFilename": "mochawesome",
        "saveHtml": true,
        "saveJson": true,
        "consoleReporter": "spec",
        "useInlineDiffs": false,
        "code": true
      },
      "version": "7.0.1"
    },
    "marge": {
      "options": {
        "reportDir": "cypress/results/specs",
        "overwrite": false,
        "html": true,
        "json": true,
        "inline": true
      },
      "version": "6.0.1"
    }
  }
}