{
  "stats": {
    "suites": 1,
    "tests": 1,
    "passes": 1,
    "pending": 0,
    "failures": 0,
    "start": "2021-11-19T18:52:18.809Z",
    "end": "2021-11-19T18:52:42.370Z",
    "duration": 23561,
    "testsRegistered": 1,
    "passPercent": 100,
    "pendingPercent": 0,
    "other": 0,
    "hasOther": false,
    "skipped": 0,
    "hasSkipped": false
  },
  "results": [
    {
      "uuid": "00075502-f849-450b-a3a4-2688279ccb5d",
      "title": "",
      "fullFile": "cypress/integration/MainPage.spec.js",
      "file": "cypress/integration/MainPage.spec.js",
      "beforeHooks": [],
      "afterHooks": [],
      "tests": [],
      "suites": [
        {
          "uuid": "f53491e4-60db-41ae-a506-b414fffc1b06",
          "title": "Main page",
          "fullFile": "",
          "file": "",
          "beforeHooks": [],
          "afterHooks": [],
          "tests": [
            {
              "title": "Main page transitions check",
              "fullTitle": "Main page Main page transitions check",
              "timedOut": null,
              "duration": 22038,
              "state": "passed",
              "speed": "slow",
              "pass": true,
              "fail": false,
              "pending": false,
              "context": null,
              "code": "cy.getScreenshot();\ncy.clickNavCategory(_selectorsData.data.mainPageSelectors.dealership);\ncy.checkUrlEq(_selectorsData.data.urls.findDealership);\ncy.clickMainLogo();\ncy.checkUrlEq(_selectorsData.data.urls.mainPage);\ncy.clickBtn('Get Approved');\ncy.checkUrlEq(_selectorsData.data.urls.getApproved);\ncy.clickMainLogo();\ncy.checkUrlEq(_selectorsData.data.urls.mainPage);\ncy.clickNavCategory(_selectorsData.data.mainPageSelectors.searchCars);\ncy.checkUrlEq(_selectorsData.data.urls.searchCars);\ncy.clickMainLogo();\ncy.checkUrlEq(_selectorsData.data.urls.mainPage);\naddContext('Image', 'https://encrypted-tbn0.gstatic.com/images?q=tbn:ANd9GcRubndoATUmobCHLp0B1u7Wg_e0i9NYxGUoEg&usqp=CAU');",
              "err": {},
              "uuid": "8a61ad5a-c69c-4b29-9438-041d391bff3e",
              "parentUUID": "f53491e4-60db-41ae-a506-b414fffc1b06",
              "isHook": false,
              "skipped": false
            }
          ],
          "suites": [],
          "passes": [
            "8a61ad5a-c69c-4b29-9438-041d391bff3e"
          ],
          "failures": [],
          "pending": [],
          "skipped": [],
          "duration": 22038,
          "root": false,
          "rootEmpty": false,
          "_timeout": 2000
        }
      ],
      "passes": [],
      "failures": [],
      "pending": [],
      "skipped": [],
      "duration": 0,
      "root": true,
      "rootEmpty": true,
      "_timeout": 2000
    }
  ],
  "meta": {
    "mocha": {
      "version": "7.0.1"
    },
    "mochawesome": {
      "options": {
        "quiet": false,
        "reportFilename": "mochawesome",
        "saveHtml": true,
        "saveJson": true,
        "consoleReporter": "spec",
        "useInlineDiffs": false,
        "code": true
      },
      "version": "7.0.1"
    },
    "marge": {
      "options": {
        "reportDir": "cypress/results/specs",
        "overwrite": false,
        "html": true,
        "json": true,
        "inline": true
      },
      "version": "6.0.1"
    }
  }
}