{
  "stats": {
    "suites": 1,
    "tests": 1,
    "passes": 1,
    "pending": 0,
    "failures": 0,
    "start": "2021-11-19T18:59:07.782Z",
    "end": "2021-11-19T18:59:27.311Z",
    "duration": 19529,
    "testsRegistered": 1,
    "passPercent": 100,
    "pendingPercent": 0,
    "other": 0,
    "hasOther": false,
    "skipped": 0,
    "hasSkipped": false
  },
  "results": [
    {
      "uuid": "9815fbf3-d6a9-4830-941c-fb4f4a534ddc",
      "title": "",
      "fullFile": "cypress/integration/FindDealershipPage.spec.js",
      "file": "cypress/integration/FindDealershipPage.spec.js",
      "beforeHooks": [],
      "afterHooks": [],
      "tests": [],
      "suites": [
        {
          "uuid": "298fd3ed-2e81-4ea0-8883-532dcbdf2d7d",
          "title": "Find dealership page",
          "fullFile": "",
          "file": "",
          "beforeHooks": [],
          "afterHooks": [],
          "tests": [
            {
              "title": "Dealership searching check",
              "fullTitle": "Find dealership page Dealership searching check",
              "timedOut": null,
              "duration": 19424,
              "state": "passed",
              "speed": "slow",
              "pass": true,
              "fail": false,
              "pending": false,
              "context": null,
              "code": "cy.fillSearchInput(_selectorsData.data.dealershipsData.state);\ncy.waitForOneSearchResponse();\ncy.checkSearchDealerResults(_selectorsData.data.dealershipSelectors.state, _selectorsData.data.dealershipsData.expectedState);\ncy.fillSearchInput(_selectorsData.data.dealershipsData.city);\ncy.waitForOneSearchResponse();\ncy.checkSearchDealerResults(_selectorsData.data.dealershipSelectors.city, _selectorsData.data.dealershipsData.city);\ncy.fillSearchInput(_selectorsData.data.dealershipsData.zipCode);\ncy.waitForOneSearchResponse();\ncy.checkSearchDealerResults(_selectorsData.data.dealershipSelectors.zipCode, _selectorsData.data.dealershipsData.zipCode);",
              "err": {},
              "uuid": "2be230a3-8965-4973-88e9-4aa4b90fb0f9",
              "parentUUID": "298fd3ed-2e81-4ea0-8883-532dcbdf2d7d",
              "isHook": false,
              "skipped": false
            }
          ],
          "suites": [],
          "passes": [
            "2be230a3-8965-4973-88e9-4aa4b90fb0f9"
          ],
          "failures": [],
          "pending": [],
          "skipped": [],
          "duration": 19424,
          "root": false,
          "rootEmpty": false,
          "_timeout": 2000
        }
      ],
      "passes": [],
      "failures": [],
      "pending": [],
      "skipped": [],
      "duration": 0,
      "root": true,
      "rootEmpty": true,
      "_timeout": 2000
    }
  ],
  "meta": {
    "mocha": {
      "version": "7.0.1"
    },
    "mochawesome": {
      "options": {
        "quiet": false,
        "reportFilename": "mochawesome",
        "saveHtml": true,
        "saveJson": true,
        "consoleReporter": "spec",
        "useInlineDiffs": false,
        "code": true
      },
      "version": "7.0.1"
    },
    "marge": {
      "options": {
        "reportDir": "cypress/results/specs",
        "overwrite": false,
        "html": true,
        "json": true,
        "inline": true
      },
      "version": "6.0.1"
    }
  }
}