{
  "stats": {
    "suites": 1,
    "tests": 1,
    "passes": 1,
    "pending": 0,
    "failures": 0,
    "start": "2021-11-19T09:11:00.171Z",
    "end": "2021-11-19T09:11:20.627Z",
    "duration": 20456,
    "testsRegistered": 1,
    "passPercent": 100,
    "pendingPercent": 0,
    "other": 0,
    "hasOther": false,
    "skipped": 0,
    "hasSkipped": false
  },
  "results": [
    {
      "uuid": "e6fc502e-8f5b-4166-a579-bba536546e08",
      "title": "",
      "fullFile": "cypress/integration/MainPage.spec.js",
      "file": "cypress/integration/MainPage.spec.js",
      "beforeHooks": [],
      "afterHooks": [],
      "tests": [],
      "suites": [
        {
          "uuid": "8ae0c4df-ac5f-45dc-aecf-be781b8d2b8f",
          "title": "Main page",
          "fullFile": "",
          "file": "",
          "beforeHooks": [],
          "afterHooks": [],
          "tests": [
            {
              "title": "Main page transitions check",
              "fullTitle": "Main page Main page transitions check",
              "timedOut": null,
              "duration": 19830,
              "state": "passed",
              "speed": "slow",
              "pass": true,
              "fail": false,
              "pending": false,
              "context": null,
              "code": "cy.intercept('POST', '**/track').as('POSTtreck');\ncy.getScreenshot();\ncy.clickNavCategory(_selectorsData.data.mainPageSelectors.dealership);\ncy.checkUrlEq(_selectorsData.data.urls.findDealership);\ncy.clickMainLogo();\ncy.checkUrlEq(_selectorsData.data.urls.mainPage);\ncy.clickBtn('Get Approved'); // cy.wait('@POSTtreck').then(xhr => {\n//   expect(xhr.response.statusCode).to.eq(200)\n// })\ncy.checkUrlEq(_selectorsData.data.urls.getApproved);\ncy.clickMainLogo();\ncy.checkUrlEq(_selectorsData.data.urls.mainPage);\ncy.clickNavCategory(_selectorsData.data.mainPageSelectors.searchCars);\ncy.checkUrlEq(_selectorsData.data.urls.searchCars);\ncy.clickMainLogo();\ncy.checkUrlEq(_selectorsData.data.urls.mainPage);",
              "err": {},
              "uuid": "684e5463-f10d-405a-84ed-87dcac60bb57",
              "parentUUID": "8ae0c4df-ac5f-45dc-aecf-be781b8d2b8f",
              "isHook": false,
              "skipped": false
            }
          ],
          "suites": [],
          "passes": [
            "684e5463-f10d-405a-84ed-87dcac60bb57"
          ],
          "failures": [],
          "pending": [],
          "skipped": [],
          "duration": 19830,
          "root": false,
          "rootEmpty": false,
          "_timeout": 2000
        }
      ],
      "passes": [],
      "failures": [],
      "pending": [],
      "skipped": [],
      "duration": 0,
      "root": true,
      "rootEmpty": true,
      "_timeout": 2000
    }
  ],
  "meta": {
    "mocha": {
      "version": "7.0.1"
    },
    "mochawesome": {
      "options": {
        "quiet": false,
        "reportFilename": "mochawesome",
        "saveHtml": true,
        "saveJson": true,
        "consoleReporter": "spec",
        "useInlineDiffs": false,
        "code": true
      },
      "version": "7.0.1"
    },
    "marge": {
      "options": null,
      "version": "6.0.1"
    }
  }
}