{
  "stats": {
    "suites": 1,
    "tests": 5,
    "passes": 5,
    "pending": 0,
    "failures": 0,
    "start": "2021-11-19T10:00:47.766Z",
    "end": "2021-11-19T10:02:01.436Z",
    "duration": 73670,
    "testsRegistered": 5,
    "passPercent": 100,
    "pendingPercent": 0,
    "other": 0,
    "hasOther": false,
    "skipped": 0,
    "hasSkipped": false
  },
  "results": [
    {
      "uuid": "5be2d51f-ae72-4cc7-bd83-99bb9777862e",
      "title": "",
      "fullFile": "cypress/integration/SearchCarsPage.spec.js",
      "file": "cypress/integration/SearchCarsPage.spec.js",
      "beforeHooks": [],
      "afterHooks": [],
      "tests": [],
      "suites": [
        {
          "uuid": "a0c1152d-ff7e-4045-9439-fd3ed40d74c4",
          "title": "Search cars page",
          "fullFile": "",
          "file": "",
          "beforeHooks": [],
          "afterHooks": [],
          "tests": [
            {
              "title": "Cars searching by State check",
              "fullTitle": "Search cars page Cars searching by State check",
              "timedOut": null,
              "duration": 12184,
              "state": "passed",
              "speed": "slow",
              "pass": true,
              "fail": false,
              "pending": false,
              "context": null,
              "code": "cy.fillSearchInput(_selectorsData.data.dealershipsData.state);\ncy.clickDealershipInSearchRes();\ncy.checkSearchResOnDealerPage(_selectorsData.data.dealershipSelectors.state, _selectorsData.data.dealershipsData.expectedState);",
              "err": {},
              "uuid": "6fffdae8-2de2-4def-9e07-195abee0751e",
              "parentUUID": "a0c1152d-ff7e-4045-9439-fd3ed40d74c4",
              "isHook": false,
              "skipped": false
            },
            {
              "title": "Cars searching by City check",
              "fullTitle": "Search cars page Cars searching by City check",
              "timedOut": null,
              "duration": 11252,
              "state": "passed",
              "speed": "slow",
              "pass": true,
              "fail": false,
              "pending": false,
              "context": null,
              "code": "cy.fillSearchInput(_selectorsData.data.dealershipsData.city);\ncy.clickDealershipInSearchRes();\ncy.checkSearchResOnDealerPage(_selectorsData.data.dealershipSelectors.city, _selectorsData.data.dealershipsData.city);",
              "err": {},
              "uuid": "060feeae-688b-4575-a6ba-16a3a831ca47",
              "parentUUID": "a0c1152d-ff7e-4045-9439-fd3ed40d74c4",
              "isHook": false,
              "skipped": false
            },
            {
              "title": "Cars searching by Zip code check",
              "fullTitle": "Search cars page Cars searching by Zip code check",
              "timedOut": null,
              "duration": 12249,
              "state": "passed",
              "speed": "slow",
              "pass": true,
              "fail": false,
              "pending": false,
              "context": null,
              "code": "cy.fillSearchInput(_selectorsData.data.dealershipsData.zipCode2);\ncy.clickDealershipInSearchRes();\ncy.checkSearchResOnDealerPage(_selectorsData.data.dealershipSelectors.zipCode, _selectorsData.data.dealershipsData.zipCode2);",
              "err": {},
              "uuid": "b00ff53e-ebe8-453c-b360-b5b72eb0c28b",
              "parentUUID": "a0c1152d-ff7e-4045-9439-fd3ed40d74c4",
              "isHook": false,
              "skipped": false
            },
            {
              "title": "Sorting search results",
              "fullTitle": "Search cars page Sorting search results",
              "timedOut": null,
              "duration": 18789,
              "state": "passed",
              "speed": "slow",
              "pass": true,
              "fail": false,
              "pending": false,
              "context": null,
              "code": "var sortField = 'DriveTime Plus';\nvar sortPriceHtL = 'Price (High to Low)';\nvar sortMilesLtH = 'Miles (Low to High)';\nvar buic = 'Buick';\ncy.fillSearchInput(_selectorsData.data.dealershipsData.city);\ncy.addSearchCriterialAndSave('Make & Model', buic);\ncy.waitForSearchResults();\ncy.selectNewSearchFilter(sortField, sortPriceHtL); // contains('.value-container', sortField).click()\n// cy.contains('.option', sortPriceHtL).click()\ncy.waitForSearchResults();\ncy.get('[dtmintersectionobserverlist]').eq(0).within(function () {\n  var prevValue = null;\n  cy.get('.gt-price').each(function (value) {\n    var currentValue;\n    if (prevValue !== null) {\n      currentValue = value.text().split('$')[1].split(',');\n      currentValue = parseInt(currentValue[0] + currentValue[1], 10);\n      console.log(currentValue, prevValue);\n      expect(currentValue < prevValue || currentValue === prevValue).to.be[\"true\"];\n      prevValue = currentValue;\n    } else {\n      currentValue = value.text().split('$')[1].split(',');\n      currentValue = parseInt(currentValue[0] + currentValue[1], 10);\n      console.log(currentValue, prevValue);\n      prevValue = currentValue;\n    }\n  });\n});\ncy.selectNewSearchFilter(sortPriceHtL, sortMilesLtH); // cy.contains('.value-container', sortPriceHtL).click({force: true})\n// cy.contains('.option', sortMilesLtH).click()\ncy.waitForSearchResults();\ncy.get('[dtmintersectionobserverlist]').eq(0).within(function () {\n  var prevValue = null;\n  cy.get('.odometer-reading').each(function (value) {\n    console.log(value);\n    var currentValue;\n    if (prevValue !== null) {\n      currentValue = value.text().split(',');\n      currentValue = parseInt(currentValue[0] + currentValue[1], 10);\n      expect(currentValue > prevValue || currentValue === prevValue).to.be[\"true\"];\n      console.log(currentValue, prevValue);\n      prevValue = currentValue;\n    } else {\n      currentValue = value.text().split(',');\n      currentValue = parseInt(currentValue[0] + currentValue[1], 10);\n      console.log(currentValue, prevValue);\n      prevValue = currentValue;\n    }\n  });\n});",
              "err": {},
              "uuid": "8dcf77e0-759f-418b-a459-a6af96ba4d02",
              "parentUUID": "a0c1152d-ff7e-4045-9439-fd3ed40d74c4",
              "isHook": false,
              "skipped": false
            },
            {
              "title": "Cars searching by any two params",
              "fullTitle": "Search cars page Cars searching by any two params",
              "timedOut": null,
              "duration": 18744,
              "state": "passed",
              "speed": "slow",
              "pass": true,
              "fail": false,
              "pending": false,
              "context": null,
              "code": "var maker = 'Audi';\nvar model = 'A3';\ncy.fillSearchInput(_selectorsData.data.dealershipsData.city);\ncy.waitForSearchResults();\ncy.chooseMakerAndModel(maker, model);\ncy.waitForSearchResults();\ncy.contains('.filter-outer', 'Year').click();\ncy.get('.year-filter-container').within(function () {\n  cy.get('.noUi-handle').eq(0).click().type('{rightarrow}'.repeat(12)).click();\n  cy.get('#slider-snap-value-lower').should('contain', '2018').parents('.content-container').within(function () {\n    cy.clickBtn('Save');\n  });\n});\ncy.waitForSearchResults();\ncy.get('[dtmintersectionobserverlist]').eq(0).within(function () {\n  cy.get('.content-clickable').each(function () {\n    cy.get('[itemprop=\"manufacturer\"]').should('contain', maker);\n    cy.get('[itemprop=\"model\"]').should('contain', model);\n    cy.get('[itemprop=\"releaseDate\"]').then(function (value) {\n      var year = parseInt(value.text(), 10);\n      expect(year).above(2017);\n    });\n  });\n});",
              "err": {},
              "uuid": "6110f652-dc52-457c-994c-0cb210fe9536",
              "parentUUID": "a0c1152d-ff7e-4045-9439-fd3ed40d74c4",
              "isHook": false,
              "skipped": false
            }
          ],
          "suites": [],
          "passes": [
            "6fffdae8-2de2-4def-9e07-195abee0751e",
            "060feeae-688b-4575-a6ba-16a3a831ca47",
            "b00ff53e-ebe8-453c-b360-b5b72eb0c28b",
            "8dcf77e0-759f-418b-a459-a6af96ba4d02",
            "6110f652-dc52-457c-994c-0cb210fe9536"
          ],
          "failures": [],
          "pending": [],
          "skipped": [],
          "duration": 73218,
          "root": false,
          "rootEmpty": false,
          "_timeout": 2000
        }
      ],
      "passes": [],
      "failures": [],
      "pending": [],
      "skipped": [],
      "duration": 0,
      "root": true,
      "rootEmpty": true,
      "_timeout": 2000
    }
  ],
  "meta": {
    "mocha": {
      "version": "7.0.1"
    },
    "mochawesome": {
      "options": {
        "quiet": true,
        "reportFilename": "myReporter",
        "saveHtml": true,
        "saveJson": true,
        "consoleReporter": "spec",
        "useInlineDiffs": false,
        "code": true
      },
      "version": "7.0.1"
    },
    "marge": {
      "options": {
        "reportFilename": "myReporter",
        "quiet": true
      },
      "version": "6.0.1"
    }
  }
}